<?xml version="1.0" encoding="UTF-8"?>
<!-- Generated by org.testng.reporters.JUnitReportReporter -->
<testsuite hostname="DESKTOP-QVP3N71" failures="0" tests="2" name="testCases.ChangeCurrency_TC" time="5.790" errors="0" timestamp="2021-05-09T02:05:56 EET" skipped="0">
  <testcase classname="testCases.ChangeCurrency_TC" name="searchWithAutoSuggest" time="4.354"/>
  <system-out/>
  <testcase classname="testCases.ChangeCurrency_TC" name="UserCanChangeCurrency" time="1.436"/>
  <system-out/>
</testsuite> <!-- testCases.ChangeCurrency_TC -->
