<?xml version="1.0" encoding="UTF-8"?>
<!-- Generated by org.testng.reporters.JUnitReportReporter -->
<testsuite hostname="DESKTOP-QVP3N71" failures="0" tests="2" name="testCases.UserResgisterationWithDDTUsingProperties_TC" time="13.607" errors="0" timestamp="2021-05-10T01:14:55 EET" skipped="0">
  <testcase classname="testCases.UserResgisterationWithDDTUsingProperties_TC" name="RegistedUserCanLogOut" time="2.745"/>
  <system-out/>
  <testcase classname="testCases.UserResgisterationWithDDTUsingProperties_TC" name="UserResgisterSuccessfully" time="10.862"/>
  <system-out/>
</testsuite> <!-- testCases.UserResgisterationWithDDTUsingProperties_TC -->
