<?xml version="1.0" encoding="UTF-8"?>
<!-- Generated by org.testng.reporters.JUnitReportReporter -->
<testsuite hostname="DESKTOP-QVP3N71" failures="0" tests="2" name="testCases.Login_TC" time="4.844" errors="0" timestamp="2021-05-09T02:05:56 EET" skipped="0">
  <testcase classname="testCases.Login_TC" name="UserCanGoToChangePassword" time="2.340"/>
  <system-out/>
  <testcase classname="testCases.Login_TC" name="UserCanSuccefullyLogin" time="2.504"/>
  <system-out/>
</testsuite> <!-- testCases.Login_TC -->
