<?xml version="1.0" encoding="UTF-8"?>
<!-- Generated by org.testng.reporters.JUnitReportReporter -->
<testsuite hostname="DESKTOP-QVP3N71" failures="0" tests="2" name="testCases.AddToCart_TC" time="19.434" errors="0" timestamp="2021-05-09T02:05:56 EET" skipped="0">
  <testcase classname="testCases.AddToCart_TC" name="UserCanCheckCartAndEditQuantity" time="7.341"/>
  <system-out/>
  <testcase classname="testCases.AddToCart_TC" name="UserCanSelectItemFromHoverMenuIn_HomePage" time="12.093"/>
  <system-out/>
</testsuite> <!-- testCases.AddToCart_TC -->
