<?xml version="1.0" encoding="UTF-8"?>
<!-- Generated by org.testng.reporters.JUnitReportReporter -->
<testsuite hostname="DESKTOP-QVP3N71" failures="0" tests="1" name="testCases.UserResgisterationWithDDTUsingFakeData_TC" time="12.746" errors="0" timestamp="2021-05-11T01:39:31 EET" skipped="0">
  <testcase classname="testCases.UserResgisterationWithDDTUsingFakeData_TC" name="UserResgisterSuccessfully" time="12.746"/>
  <system-out/>
</testsuite> <!-- testCases.UserResgisterationWithDDTUsingFakeData_TC -->
