<?xml version="1.0" encoding="UTF-8"?>
<!-- Generated by org.testng.reporters.JUnitReportReporter -->
<testsuite hostname="DESKTOP-QVP3N71" failures="0" tests="1" name="testCases.UserResgisterationWithDDTUsingJSONTC" time="9.596" errors="0" timestamp="2021-05-11T01:20:42 EET" skipped="0">
  <testcase classname="testCases.UserResgisterationWithDDTUsingJSONTC" name="UserResgisterSuccessfully" time="9.596"/>
  <system-out/>
</testsuite> <!-- testCases.UserResgisterationWithDDTUsingJSONTC -->
