<?xml version="1.0" encoding="UTF-8"?>
<!-- Generated by org.testng.reporters.JUnitReportReporter -->
<testsuite hostname="DESKTOP-QVP3N71" failures="0" tests="3" name="testCases.GuestUserCheckOutOrders" time="48.141" errors="0" timestamp="2021-05-09T02:05:56 EET" skipped="0">
  <testcase classname="testCases.GuestUserCheckOutOrders" name="UserCanCheckCartAndEditQuantity" time="9.300"/>
  <system-out/>
  <testcase classname="testCases.GuestUserCheckOutOrders" name="GuestUserCanCheckOutOrders" time="30.885"/>
  <system-out/>
  <testcase classname="testCases.GuestUserCheckOutOrders" name="UserCanSelectItemFromHoverMenuIn_HomePage" time="7.956"/>
  <system-out/>
</testsuite> <!-- testCases.GuestUserCheckOutOrders -->
