<?xml version="1.0" encoding="UTF-8"?>
<!-- Generated by org.testng.reporters.JUnitReportReporter -->
<testsuite hostname="DESKTOP-QVP3N71" failures="0" tests="1" name="testCases.LoginTestCase" time="7.586" errors="0" timestamp="2021-05-05T11:36:22 EET" skipped="0">
  <testcase classname="testCases.LoginTestCase" name="UserCanSuccefullyLogin" time="7.586"/>
  <system-out/>
</testsuite> <!-- testCases.LoginTestCase -->
