<?xml version="1.0" encoding="UTF-8"?>
<!-- Generated by org.testng.reporters.JUnitReportReporter -->
<testsuite hostname="DESKTOP-QVP3N71" failures="0" tests="1" name="testCases.SelectSubMenuByHover_TC" time="4.410" errors="0" timestamp="2021-05-09T02:05:56 EET" skipped="0">
  <testcase classname="testCases.SelectSubMenuByHover_TC" name="UserCanSelectItemFromHoverMenuIn_HomePage" time="4.410"/>
  <system-out/>
</testsuite> <!-- testCases.SelectSubMenuByHover_TC -->
