<?xml version="1.0" encoding="UTF-8"?>
<!-- Generated by org.testng.reporters.JUnitReportReporter -->
<testsuite hostname="DESKTOP-QVP3N71" failures="0" tests="2" name="testCases.UserResgisterationWithDDTUsingExcelTC" time="17.213" errors="0" timestamp="2021-05-10T03:15:20 EET" skipped="0">
  <testcase classname="testCases.UserResgisterationWithDDTUsingExcelTC" name="UserResgisterSuccessfully" time="9.638"/>
  <system-out/>
  <testcase classname="testCases.UserResgisterationWithDDTUsingExcelTC" name="UserResgisterSuccessfully" time="7.575"/>
  <system-out/>
</testsuite> <!-- testCases.UserResgisterationWithDDTUsingExcelTC -->
